[2018-10-10 16:58:41] [INFO]: Executando a tarefa X...
[2018-10-10 16:58:59] [INFO]: Executando a tarefa X...
[2018-10-10 17:04:01] [INFO]: Executando a tarefa X...
[2018-10-10 17:04:06] [INFO]: E-mail Enviado com Sucesso...

Vendedora: Fernanda
Cliente: leitura
Cliente Novo

Cliente Ativo

Revenda

Produto 1

79mm - 30mts

KPR 55

1 COR

40 

Preço da Nossa Tabela: R$74,80

Preço da Última Compra: R$58,00 - No Dia: 2017-10-15

Preço que fiz: R$85,00

Preço que ele tem no Concorrente primus: R$82,00

Observações: nada




[2018-10-10 17:08:21] [INFO]: E-mail Enviado com Sucesso... - Cliente joao, fundado em 1980
Não tem protestos

Cliente gostaria de realizar primeira compra a prazo conosco, no valor de R$ 2500,00, Com a condição de pagamento Boleto 28 Dias



Referências Comerciais 

Fornecedor: joao Cliente lá desde: 01/2000
Tendo comprado pela última vez no dia: 2018-10-09, tendo com eles a Vencer o Valor de R$ 70,00

Tendo tido como seu maior acumulo o valor R$ 700,30

E pago geralmente na condição de pagamento: boleto Observações: pontual



Observações do cliente: Nenhuma


[2018-10-17 13:56:14] [INFO]: Deu o seguinte Erro:... - Cliente ALIANCA DISTRIBUIDORA, fundado em 2016
Não tem protestos

Cliente tem uma média de compra conosco de: R$ 1.300,00 e gostaria de comprar R$2.939,13

Já realizou 3 Compras à vista conosco.

Já realizou 3 Compras à prazo.
Paga em dia: SIM





Observações do cliente: cliente ja compra conosco desde 17/04/18 fez as 03 primeiras a vista depois mais 03 no boleto em torno de 1000,00 e pouco cada e agora passou este pedido maior.


[2018-10-17 13:56:24] [INFO]: E-mail Enviado com Sucesso... - Cliente ALIANCA DISTRIBUIDORA, fundado em 2016
Não tem protestos

Cliente tem uma média de compra conosco de: R$ 1.300,00 e gostaria de comprar R$2.939,13

Já realizou 3 Compras à vista conosco.

Já realizou 3 Compras à prazo.
Paga em dia: SIM





Observações do cliente: cliente ja compra conosco desde 17/04/18 fez as 03 primeiras a vista depois mais 03 no boleto em torno de 1000,00 e pouco cada e agora passou este pedido maior.


[2018-10-25 12:07:55] [INFO]: Deu o seguinte Erro:... - Cliente EMBARE INDUSTRIA ALIMENTICIAS, fundado em 1969
Não tem protestos

Cliente gostaria de realizar primeira compra a prazo conosco, no valor de R$ 515,00, Com a condição de pagamento BOLETO 28 DIAS







Observações do cliente: PRIMEIRA COMPRA ,MAIS ELES NAO FAZEM PAGAMENTO A VISTA ,ENDEREÇO CONFIRMADO.


[2018-10-25 12:08:03] [INFO]: E-mail Enviado com Sucesso... - Cliente EMBARE INDUSTRIA ALIMENTICIAS, fundado em 1969
Não tem protestos

Cliente gostaria de realizar primeira compra a prazo conosco, no valor de R$ 515,00, Com a condição de pagamento BOLETO 28 DIAS







Observações do cliente: PRIMEIRA COMPRA ,MAIS ELES NAO FAZEM PAGAMENTO A VISTA ,ENDEREÇO CONFIRMADO.


[2018-10-25 18:58:04] [INFO]: Deu o seguinte Erro:... - Cliente ELIEZE FERNANDES, fundado em 2017
Não tem protestos

Cliente gostaria de realizar primeira compra a prazo conosco, no valor de R$ 1.674,40, Com a condição de pagamento BOL 28/35/42







Observações do cliente: IMOLO ESTE CLIENTE COMPRAVA NO PRAZO A MUITOS ANOS ATRAS EM NOME DE OUTRA EMPRESA DEPOIS ACHO QUE POR RESTRICOES COMECOU COMPRAR SOMENTE A VISTA EM DINHEIRO DAI ,ANO PASSADO ELE ME PEDIU PRA VER SE CONSEGUIA LIBERAR NO BOLETO NESTA NOVA EMPRESA E EU DISSE QUE NAO PQ A EMPRESA TINHA MENOS DE 01 ANO ,AGORA ELE ESTA PEDINDO DE NOVO DIZENDO QUE A EMPRESA FEZ UM ANO NO MES 06 DESTE ANO, O DANILO NAO CONSEGUIU CONFIRMAR O ENDEREÇO ,QUANDO DIGITA A RAZAO SOCIAL E ALGUNS DADOS DA EMPRESA DA COMO UMA LOCADORA DE SINUCAS,EU SEI QUE ELE NAO TEM LOJA ELE E REPRESENTANTE DE UMA MARCA QUE ATENDE SUPERMERCADOS GRANDES E VENDE DE PORTA EM PORTA 


[2018-10-25 18:58:15] [INFO]: E-mail Enviado com Sucesso... - Cliente ELIEZE FERNANDES, fundado em 2017
Não tem protestos

Cliente gostaria de realizar primeira compra a prazo conosco, no valor de R$ 1.674,40, Com a condição de pagamento BOL 28/35/42







Observações do cliente: IMOLO ESTE CLIENTE COMPRAVA NO PRAZO A MUITOS ANOS ATRAS EM NOME DE OUTRA EMPRESA DEPOIS ACHO QUE POR RESTRICOES COMECOU COMPRAR SOMENTE A VISTA EM DINHEIRO DAI ,ANO PASSADO ELE ME PEDIU PRA VER SE CONSEGUIA LIBERAR NO BOLETO NESTA NOVA EMPRESA E EU DISSE QUE NAO PQ A EMPRESA TINHA MENOS DE 01 ANO ,AGORA ELE ESTA PEDINDO DE NOVO DIZENDO QUE A EMPRESA FEZ UM ANO NO MES 06 DESTE ANO, O DANILO NAO CONSEGUIU CONFIRMAR O ENDEREÇO ,QUANDO DIGITA A RAZAO SOCIAL E ALGUNS DADOS DA EMPRESA DA COMO UMA LOCADORA DE SINUCAS,EU SEI QUE ELE NAO TEM LOJA ELE E REPRESENTANTE DE UMA MARCA QUE ATENDE SUPERMERCADOS GRANDES E VENDE DE PORTA EM PORTA 


[2018-11-12 15:29:01] [INFO]: E-mail Enviado com Sucesso... - Cliente ACESSO E PONTO, fundado em 2008
Não tem protestos

Cliente tem uma média de compra conosco de: R$ 2000,00 e gostaria de comprar R$4.775,00

Já realizou  Compras à vista conosco.

Já realizou 5 Compras à prazo.
Paga em dia: SIM





Observações do cliente: CLIENTE SEMPRE COMPROU 20 CAIXAS MAIS DESTA VEZ PEDIU MAIOR QUANTIDADE ELE E UM QUE TE PASSEI PRA COTAR PREÇO PORQUE HAVIA PERDIDO O ULTIMO PEDIDO DELES


[2018-11-13 15:39:05] [INFO]: E-mail Enviado com Sucesso... - Cliente poloni, fundado em 2010
Não tem protestos

Cliente gostaria de realizar primeira compra a prazo conosco, no valor de R$ 500,00, Com a condição de pagamento boleto

Já realizou 5 Compras à prazo.
Paga em dia: SIM

Referências Comerciais 

Fornecedor: ready Cliente lá desde: 2016
Tendo comprado pela última vez no dia: 2018-06-01, tendo com eles a Vencer o Valor de R$ 

Tendo tido como seu maior acumulo o valor R$ 

E pago geralmente na condição de pagamento: boleto Observações: pontual, cliente da camila da ready duas cxs de mx5500



Observações do cliente: clinte da camila Ready


[2018-11-13 17:39:21] [INFO]: E-mail Enviado com Sucesso... - Cliente JEFFERSON ALVES REIS, fundado em 1996
Tem 2 Protestos, Total: R$ 126,00 CADA Os protestos são do tipo: FORNECEDOR e Não Tem Anuências

Cliente gostaria de realizar primeira compra a prazo conosco, no valor de R$ 2.890,00, Com a condição de pagamento BOL 28/35/42







Observações do cliente: IMOLO E O PEDIDO DA ESPETERIA QUE TE PEDI PREÇO PRA 57X18 PERSONALIZADA,NO CNPJ DELE CONSTA ESTAS DUAS PENDENCIAS DE 126,00 CADA DO MES 03 DE 2017,NAO SAO PROTESTOS ELE DISSE QUE NAO SABE DO QUE SE TRATA ELE E MEIO GROSSO NAO DEU MUITO PAPO SO DISSE QUE NAO SABE DO QUE SE TRATA PEDIU PRA EU PEDIR MEU FINANCEIRO PRA OLHAR DIREITO / E EMPREENDEDOR INDIVIDUAL


[2018-11-29 16:25:56] [INFO]: E-mail Enviado com Sucesso... - Cliente JOSE RAIMUNDO MELANIA & CIA LTDA, fundado em 1991
Não tem protestos

Cliente gostaria de realizar primeira compra a prazo conosco, no valor de R$ 766,00, Com a condição de pagamento BOLETO 28 DIAS







Observações do cliente: ENDEREÇO CONFIRMADO PELO DANILO ( DROGACENTER)


[2018-11-29 18:28:51] [INFO]: E-mail Enviado com Sucesso... - Cliente COMERCIAL NANCY , fundado em 1985
Não tem protestos

Cliente gostaria de realizar primeira compra a prazo conosco, no valor de R$ 958,00, Com a condição de pagamento BOLETO 35 DIAS



Referências Comerciais 

Fornecedor: GIBIZINHO  Cliente lá desde: 05/2011
Tendo comprado pela última vez no dia: 2018-11-26, tendo com eles a Vencer o Valor de R$ 4.446,24

Tendo tido como seu maior acumulo o valor R$ 4.648,00

E pago geralmente na condição de pagamento: BOLETO  Observações: OTIMO CLIENTE 



Observações do cliente: CLIENTE NOVO MUITO BOM 


[2018-11-30 10:47:36] [INFO]: E-mail Enviado com Sucesso... - Cliente COMERCIAL NANCY , fundado em 1985
Não tem protestos

Cliente gostaria de realizar primeira compra a prazo conosco, no valor de R$ 958,00, Com a condição de pagamento BOLETO 35 DIAS



Referências Comerciais 

Fornecedor: GIBIZINHO  Cliente lá desde: 05/2011
Tendo comprado pela última vez no dia: 2018-11-26, tendo com eles a Vencer o Valor de R$ 4.446,24

Tendo tido como seu maior acumulo o valor R$ 4.648,00

E pago geralmente na condição de pagamento: BOLETO  Observações: PONTUAL 



Observações do cliente: CLIENTE NOVO MUITO BOM 


[2019-01-10 16:56:32] [INFO]: E-mail Enviado com Sucesso... - Cliente POSTO JABES E FILHO LTDA, fundado em 2012
Não tem protestos

Cliente gostaria de realizar primeira compra a prazo conosco, no valor de R$ 786,00, Com a condição de pagamento BOLETO 28 DIAS







Observações do cliente: DANILO CONFIRMOU ENDEREÇO.


[2019-01-21 16:42:31] [INFO]: Deu o seguinte Erro:... - Cliente TECNAT COMERCIO, fundado em 2010
Não tem protestos

Cliente tem uma média de compra conosco de: R$ FEZ SOMENTE UM PEDIDO 04/2017 174, e gostaria de comprar R$

Já realizou  Compras à vista conosco.







Observações do cliente: 


[2019-01-21 16:43:42] [INFO]: E-mail Enviado com Sucesso... - Cliente TECNAT COMERCIO, fundado em 2010
Não tem protestos

Cliente tem uma média de compra conosco de: R$ FEZ SOMENTE UM PEDIDO 04/2017 174,00 e gostaria de comprar R$3799,57

Já realizou 1 Compras à vista conosco.







Observações do cliente: JA ADIANTEI A ELE QUE AS 03 PRIMEIRAS COMPRAS SAO A VISTA E QUE ELE SO FEZ 01 E MESMO ASSIM VALOR BEM ABAIXO DO PEDIDO ,DAI ELE PEDIU PRA AVALIAR SE LIBERA ALGUM VALOR NO BOLETO E QUALQUER COISA ELE DEPOSITA A DIFERENÇA


[2019-01-28 15:38:17] [INFO]: E-mail Enviado com Sucesso... - Cliente RAFAEL BECARI SENNA, fundado em 2008
Não tem protestos

Cliente tem uma média de compra conosco de: R$ 800,00 A 1500,00 e gostaria de comprar R$992,40

Já realizou 5 Compras à vista conosco.

Já realizou 5 Compras à prazo.
Paga em dia: NÃO





Observações do cliente: ESTE CLIENTE JA COMPROU CONOSCO A PRAZO PEDIDOS DE ATE 3000,00 MAIS ATRASOU E DEPOIS DISSE VC NAO LIBEROU BOLETA MAIS PRA ELE ,JA TEM 14 COMPRAS A VISTA E NAS ULTIMAS ELE SEMPRE PEDE PRA AVALIAR LIBERAR BOLETA PRA ELE, TEM COMO LIBERAR ESTE PEDIDO? E SE SIM QUAL SERA O LIMITE DELE?JA PEDI AO DANILO PRA CONFIRMAR ENDEREÇO.


[2019-02-11 18:56:01] [INFO]: E-mail Enviado com Sucesso... - Cliente SF DIST DE EMB E DESCARTAVEIS , fundado em 2014
Não tem protestos

Cliente tem uma média de compra conosco de: R$ 1.000,00 e gostaria de comprar R$2.003,00

Já realizou 5 Compras à vista conosco.



Referências Comerciais 

Fornecedor: PORTO BELLO Cliente lá desde: 2014
Tendo comprado pela última vez no dia: 2019-01-14, tendo com eles a Vencer o Valor de R$ 22.000,00

Tendo tido como seu maior acumulo o valor R$ 30.000,00

E pago geralmente na condição de pagamento: 21/28/35/42/49 DIAS Observações: SEM ATRASOS - CLIENTE BOM

Referências Comerciais 

Fornecedor: BN REPRESENTACOES  Cliente lá desde: 2014
Tendo comprado pela última vez no dia: , tendo com eles a Vencer o Valor de R$ 0,00

Tendo tido como seu maior acumulo o valor R$ 5.000,00

E pago geralmente na condição de pagamento: BOLETO 28/35/42 Observações: SEM ATRASOS - CLIENTE BOM 

Observações do cliente: CLIENTE ANTIGO MUITO BOM 


[2019-02-25 13:34:00] [INFO]: Deu o seguinte Erro:... - Cliente SATIRA CERVEJARIA, fundado em 2019
Não tem protestos

Cliente gostaria de realizar primeira compra a prazo conosco, no valor de R$ 938,00, Com a condição de pagamento BOLETO 35







Observações do cliente: IMOLO PRIMEIRA  COMPRA  DESTE  CLIENTE  79 X 40  LISA  KPR  55 A 93,80


[2019-02-25 13:34:15] [INFO]: Deu o seguinte Erro:... - Cliente SATIRA CERVEJARIA, fundado em 2019
Não tem protestos

Cliente gostaria de realizar primeira compra a prazo conosco, no valor de R$ 938,00, Com a condição de pagamento BOLETO 35







Observações do cliente: IMOLO PRIMEIRA  COMPRA  DESTE  CLIENTE  79 X 40  LISA  KPR  55 A 93,80


[2019-02-25 13:34:21] [INFO]: Deu o seguinte Erro:... - Cliente SATIRA CERVEJARIA, fundado em 2019
Não tem protestos

Cliente gostaria de realizar primeira compra a prazo conosco, no valor de R$ 938,00, Com a condição de pagamento BOLETO 35







Observações do cliente: IMOLO PRIMEIRA  COMPRA  DESTE  CLIENTE  79 X 40  LISA  KPR  55 A 93,80


[2019-02-25 13:34:29] [INFO]: Deu o seguinte Erro:... - Cliente SATIRA CERVEJARIA, fundado em 2019
Não tem protestos

Cliente gostaria de realizar primeira compra a prazo conosco, no valor de R$ 938,00, Com a condição de pagamento BOLETO 35







Observações do cliente: IMOLO PRIMEIRA  COMPRA  DESTE  CLIENTE  79 X 40  LISA  KPR  55 A 93,80


[2019-02-25 13:34:38] [INFO]: Deu o seguinte Erro:... - Cliente SATIRA CERVEJARIA, fundado em 2019
Não tem protestos

Cliente gostaria de realizar primeira compra a prazo conosco, no valor de R$ 938,00, Com a condição de pagamento BOLETO 35







Observações do cliente: IMOLO PRIMEIRA  COMPRA  DESTE  CLIENTE  79 X 40  LISA  KPR  55 A 93,80


[2019-02-25 13:34:45] [INFO]: Deu o seguinte Erro:... - Cliente SATIRA CERVEJARIA, fundado em 2019
Não tem protestos

Cliente gostaria de realizar primeira compra a prazo conosco, no valor de R$ 938,00, Com a condição de pagamento BOLETO 35







Observações do cliente: IMOLO PRIMEIRA  COMPRA  DESTE  CLIENTE  79 X 40  LISA  KPR  55 A 93,80


[2019-02-25 13:34:46] [INFO]: Deu o seguinte Erro:... - Cliente SATIRA CERVEJARIA, fundado em 2019
Não tem protestos

Cliente gostaria de realizar primeira compra a prazo conosco, no valor de R$ 938,00, Com a condição de pagamento BOLETO 35







Observações do cliente: IMOLO PRIMEIRA  COMPRA  DESTE  CLIENTE  79 X 40  LISA  KPR  55 A 93,80


[2019-02-25 13:34:48] [INFO]: Deu o seguinte Erro:... - Cliente SATIRA CERVEJARIA, fundado em 2019
Não tem protestos

Cliente gostaria de realizar primeira compra a prazo conosco, no valor de R$ 938,00, Com a condição de pagamento BOLETO 35







Observações do cliente: IMOLO PRIMEIRA  COMPRA  DESTE  CLIENTE  79 X 40  LISA  KPR  55 A 93,80


[2019-02-25 13:34:52] [INFO]: Deu o seguinte Erro:... - Cliente SATIRA CERVEJARIA, fundado em 2019
Não tem protestos

Cliente gostaria de realizar primeira compra a prazo conosco, no valor de R$ 938,00, Com a condição de pagamento BOLETO 35







Observações do cliente: IMOLO PRIMEIRA  COMPRA  DESTE  CLIENTE  79 X 40  LISA  KPR  55 A 93,80


[2019-02-25 13:34:54] [INFO]: Deu o seguinte Erro:... - Cliente SATIRA CERVEJARIA, fundado em 2019
Não tem protestos

Cliente gostaria de realizar primeira compra a prazo conosco, no valor de R$ 938,00, Com a condição de pagamento BOLETO 35







Observações do cliente: IMOLO PRIMEIRA  COMPRA  DESTE  CLIENTE  79 X 40  LISA  KPR  55 A 93,80


[2019-02-25 13:35:08] [INFO]: Deu o seguinte Erro:... - Cliente SATIRA CERVEJARIA, fundado em 2019
Não tem protestos

Cliente gostaria de realizar primeira compra a prazo conosco, no valor de R$ 938,00, Com a condição de pagamento BOLETO 35







Observações do cliente: IMOLO PRIMEIRA  COMPRA  DESTE  CLIENTE  79 X 40  LISA  KPR  55 A 93,80


[2019-02-25 15:53:41] [INFO]: Deu o seguinte Erro:... - Cliente PORTE SERVICOS EIRELI (CORREIOS), fundado em 2012
Não tem protestos

Cliente gostaria de realizar primeira compra a prazo conosco, no valor de R$ 836,00, Com a condição de pagamento BOLETO 28/35







Observações do cliente: ENDEREÇO CONFIRMADO


[2019-02-25 15:53:48] [INFO]: Deu o seguinte Erro:... - Cliente PORTE SERVICOS EIRELI (CORREIOS), fundado em 2012
Não tem protestos

Cliente gostaria de realizar primeira compra a prazo conosco, no valor de R$ 836,00, Com a condição de pagamento BOLETO 28/35







Observações do cliente: ENDEREÇO CONFIRMADO


[2019-02-25 15:54:02] [INFO]: Deu o seguinte Erro:... - Cliente PORTE SERVICOS EIRELI (CORREIOS), fundado em 2012
Não tem protestos

Cliente gostaria de realizar primeira compra a prazo conosco, no valor de R$ 836,00, Com a condição de pagamento BOLETO 28/35







Observações do cliente: ENDEREÇO CONFIRMADO


[2019-03-08 17:19:51] [INFO]: Deu o seguinte Erro:... - Cliente , fundado em 
Não tem protestos

Cliente tem uma média de compra conosco de: R$  e gostaria de comprar R$

Já realizou  Compras à vista conosco.







Observações do cliente: 


